{"/home/aluno2/task/workday-tarde/frontend/assets/js/api.js": {"path":"/home/aluno2/task/workday-tarde/frontend/assets/js/api.js","statementMap":{"0":{"start":{"line":10,"column":17},"end":{"line":14,"column":20}},"1":{"start":{"line":18,"column":4},"end":{"line":18,"column":null}},"2":{"start":{"line":19,"column":4},"end":{"line":19,"column":null}},"3":{"start":{"line":20,"column":4},"end":{"line":20,"column":null}},"4":{"start":{"line":21,"column":4},"end":{"line":21,"column":null}},"5":{"start":{"line":29,"column":20},"end":{"line":29,"column":41}},"6":{"start":{"line":36,"column":20},"end":{"line":73,"column":1}},"7":{"start":{"line":39,"column":6},"end":{"line":39,"column":92}},"8":{"start":{"line":40,"column":4},"end":{"line":42,"column":null}},"9":{"start":{"line":41,"column":6},"end":{"line":41,"column":null}},"10":{"start":{"line":43,"column":4},"end":{"line":47,"column":null}},"11":{"start":{"line":44,"column":6},"end":{"line":44,"column":null}},"12":{"start":{"line":46,"column":6},"end":{"line":46,"column":null}},"13":{"start":{"line":51,"column":4},"end":{"line":51,"column":null}},"14":{"start":{"line":55,"column":4},"end":{"line":55,"column":null}},"15":{"start":{"line":59,"column":4},"end":{"line":59,"column":null}},"16":{"start":{"line":60,"column":18},"end":{"line":60,"column":72}},"17":{"start":{"line":61,"column":4},"end":{"line":61,"column":null}},"18":{"start":{"line":65,"column":4},"end":{"line":65,"column":null}},"19":{"start":{"line":66,"column":4},"end":{"line":66,"column":null}},"20":{"start":{"line":71,"column":4},"end":{"line":71,"column":null}},"21":{"start":{"line":76,"column":12},"end":{"line":76,"column":32}},"22":{"start":{"line":78,"column":2},"end":{"line":89,"column":null}},"23":{"start":{"line":79,"column":19},"end":{"line":79,"column":40}},"24":{"start":{"line":80,"column":4},"end":{"line":84,"column":null}},"25":{"start":{"line":81,"column":6},"end":{"line":83,"column":null}},"26":{"start":{"line":82,"column":8},"end":{"line":82,"column":null}},"27":{"start":{"line":85,"column":15},"end":{"line":85,"column":32}},"28":{"start":{"line":86,"column":4},"end":{"line":88,"column":null}},"29":{"start":{"line":87,"column":6},"end":{"line":87,"column":null}},"30":{"start":{"line":91,"column":18},"end":{"line":91,"column":20}},"31":{"start":{"line":92,"column":2},"end":{"line":94,"column":null}},"32":{"start":{"line":93,"column":4},"end":{"line":93,"column":null}},"33":{"start":{"line":95,"column":16},"end":{"line":95,"column":26}},"34":{"start":{"line":96,"column":2},"end":{"line":98,"column":null}},"35":{"start":{"line":97,"column":4},"end":{"line":97,"column":null}},"36":{"start":{"line":101,"column":2},"end":{"line":109,"column":null}},"37":{"start":{"line":102,"column":4},"end":{"line":106,"column":null}},"38":{"start":{"line":108,"column":4},"end":{"line":108,"column":null}},"39":{"start":{"line":111,"column":2},"end":{"line":113,"column":null}},"40":{"start":{"line":112,"column":4},"end":{"line":112,"column":null}},"41":{"start":{"line":115,"column":18},"end":{"line":115,"column":57}},"42":{"start":{"line":115,"column":52},"end":{"line":115,"column":56}},"43":{"start":{"line":117,"column":2},"end":{"line":126,"column":null}},"44":{"start":{"line":118,"column":18},"end":{"line":118,"column":63}},"45":{"start":{"line":121,"column":4},"end":{"line":124,"column":null}},"46":{"start":{"line":122,"column":6},"end":{"line":122,"column":null}},"47":{"start":{"line":123,"column":6},"end":{"line":123,"column":null}},"48":{"start":{"line":125,"column":4},"end":{"line":125,"column":null}},"49":{"start":{"line":128,"column":2},"end":{"line":128,"column":null}},"50":{"start":{"line":131,"column":19},"end":{"line":166,"column":1}},"51":{"start":{"line":133,"column":4},"end":{"line":133,"column":77}},"52":{"start":{"line":134,"column":12},"end":{"line":134,"column":35}},"53":{"start":{"line":135,"column":16},"end":{"line":135,"column":63}},"54":{"start":{"line":137,"column":19},"end":{"line":137,"column":44}},"55":{"start":{"line":139,"column":26},"end":{"line":139,"column":64}},"56":{"start":{"line":140,"column":22},"end":{"line":140,"column":55}},"57":{"start":{"line":141,"column":30},"end":{"line":141,"column":83}},"58":{"start":{"line":143,"column":4},"end":{"line":143,"column":88}},"59":{"start":{"line":144,"column":20},"end":{"line":144,"column":58}},"60":{"start":{"line":146,"column":24},"end":{"line":146,"column":71}},"61":{"start":{"line":147,"column":19},"end":{"line":147,"column":49}},"62":{"start":{"line":148,"column":27},"end":{"line":148,"column":77}},"63":{"start":{"line":150,"column":19},"end":{"line":150,"column":44}},"64":{"start":{"line":152,"column":28},"end":{"line":152,"column":68}},"65":{"start":{"line":153,"column":32},"end":{"line":153,"column":87}},"66":{"start":{"line":155,"column":4},"end":{"line":155,"column":83}},"67":{"start":{"line":157,"column":29},"end":{"line":157,"column":71}},"68":{"start":{"line":158,"column":25},"end":{"line":158,"column":62}},"69":{"start":{"line":159,"column":33},"end":{"line":159,"column":90}},"70":{"start":{"line":161,"column":4},"end":{"line":161,"column":85}},"71":{"start":{"line":163,"column":20},"end":{"line":163,"column":52}},"72":{"start":{"line":164,"column":24},"end":{"line":164,"column":71}},"73":{"start":{"line":165,"column":20},"end":{"line":165,"column":72}},"74":{"start":{"line":172,"column":24},"end":{"line":172,"column":94}},"75":{"start":{"line":175,"column":27},"end":{"line":195,"column":1}},"76":{"start":{"line":198,"column":2},"end":{"line":198,"column":null}},"77":{"start":{"line":203,"column":2},"end":{"line":205,"column":null}},"78":{"start":{"line":204,"column":4},"end":{"line":204,"column":null}},"79":{"start":{"line":206,"column":15},"end":{"line":206,"column":63}},"80":{"start":{"line":207,"column":2},"end":{"line":209,"column":null}},"81":{"start":{"line":208,"column":4},"end":{"line":208,"column":null}},"82":{"start":{"line":210,"column":2},"end":{"line":210,"column":null}},"83":{"start":{"line":215,"column":2},"end":{"line":221,"column":null}},"84":{"start":{"line":217,"column":19},"end":{"line":217,"column":26}}},"fnMap":{"0":{"name":"constructor","decl":{"start":{"line":17,"column":2},"end":{"line":17,"column":13}},"loc":{"start":{"line":17,"column":46},"end":{"line":22,"column":null}},"line":17},"1":{"name":"session","decl":{"start":{"line":37,"column":6},"end":{"line":37,"column":13}},"loc":{"start":{"line":37,"column":16},"end":{"line":48,"column":3}},"line":37},"2":{"name":"token","decl":{"start":{"line":50,"column":6},"end":{"line":50,"column":11}},"loc":{"start":{"line":50,"column":14},"end":{"line":52,"column":3}},"line":50},"3":{"name":"user","decl":{"start":{"line":54,"column":6},"end":{"line":54,"column":10}},"loc":{"start":{"line":54,"column":13},"end":{"line":56,"column":3}},"line":54},"4":{"name":"save","decl":{"start":{"line":58,"column":2},"end":{"line":58,"column":6}},"loc":{"start":{"line":58,"column":33},"end":{"line":62,"column":3}},"line":58},"5":{"name":"clear","decl":{"start":{"line":64,"column":2},"end":{"line":64,"column":7}},"loc":{"start":{"line":64,"column":10},"end":{"line":67,"column":3}},"line":64},"6":{"name":"redirectToLogin","decl":{"start":{"line":70,"column":2},"end":{"line":70,"column":17}},"loc":{"start":{"line":70,"column":20},"end":{"line":72,"column":3}},"line":70},"7":{"name":"request","decl":{"start":{"line":75,"column":15},"end":{"line":75,"column":22}},"loc":{"start":{"line":75,"column":67},"end":{"line":129,"column":null}},"line":75},"8":{"name":"(anonymous_8)","decl":{"start":{"line":80,"column":34},"end":{"line":80,"column":35}},"loc":{"start":{"line":80,"column":52},"end":{"line":84,"column":5}},"line":80},"9":{"name":"(anonymous_9)","decl":{"start":{"line":115,"column":46},"end":{"line":115,"column":47}},"loc":{"start":{"line":115,"column":52},"end":{"line":115,"column":56}},"line":115},"10":{"name":"(anonymous_10)","decl":{"start":{"line":132,"column":9},"end":{"line":132,"column":10}},"loc":{"start":{"line":133,"column":4},"end":{"line":133,"column":77}},"line":133},"11":{"name":"(anonymous_11)","decl":{"start":{"line":134,"column":6},"end":{"line":134,"column":7}},"loc":{"start":{"line":134,"column":12},"end":{"line":134,"column":35}},"line":134},"12":{"name":"(anonymous_12)","decl":{"start":{"line":135,"column":10},"end":{"line":135,"column":11}},"loc":{"start":{"line":135,"column":16},"end":{"line":135,"column":63}},"line":135},"13":{"name":"(anonymous_13)","decl":{"start":{"line":137,"column":13},"end":{"line":137,"column":14}},"loc":{"start":{"line":137,"column":19},"end":{"line":137,"column":44}},"line":137},"14":{"name":"(anonymous_14)","decl":{"start":{"line":139,"column":15},"end":{"line":139,"column":16}},"loc":{"start":{"line":139,"column":26},"end":{"line":139,"column":64}},"line":139},"15":{"name":"(anonymous_15)","decl":{"start":{"line":140,"column":14},"end":{"line":140,"column":15}},"loc":{"start":{"line":140,"column":22},"end":{"line":140,"column":55}},"line":140},"16":{"name":"(anonymous_16)","decl":{"start":{"line":141,"column":20},"end":{"line":141,"column":21}},"loc":{"start":{"line":141,"column":30},"end":{"line":141,"column":83}},"line":141},"17":{"name":"(anonymous_17)","decl":{"start":{"line":142,"column":15},"end":{"line":142,"column":16}},"loc":{"start":{"line":143,"column":4},"end":{"line":143,"column":88}},"line":143},"18":{"name":"(anonymous_18)","decl":{"start":{"line":144,"column":14},"end":{"line":144,"column":15}},"loc":{"start":{"line":144,"column":20},"end":{"line":144,"column":58}},"line":144},"19":{"name":"(anonymous_19)","decl":{"start":{"line":146,"column":12},"end":{"line":146,"column":13}},"loc":{"start":{"line":146,"column":24},"end":{"line":146,"column":71}},"line":146},"20":{"name":"(anonymous_20)","decl":{"start":{"line":147,"column":11},"end":{"line":147,"column":12}},"loc":{"start":{"line":147,"column":19},"end":{"line":147,"column":49}},"line":147},"21":{"name":"(anonymous_21)","decl":{"start":{"line":148,"column":17},"end":{"line":148,"column":18}},"loc":{"start":{"line":148,"column":27},"end":{"line":148,"column":77}},"line":148},"22":{"name":"(anonymous_22)","decl":{"start":{"line":150,"column":13},"end":{"line":150,"column":14}},"loc":{"start":{"line":150,"column":19},"end":{"line":150,"column":44}},"line":150},"23":{"name":"(anonymous_23)","decl":{"start":{"line":152,"column":17},"end":{"line":152,"column":18}},"loc":{"start":{"line":152,"column":28},"end":{"line":152,"column":68}},"line":152},"24":{"name":"(anonymous_24)","decl":{"start":{"line":153,"column":22},"end":{"line":153,"column":23}},"loc":{"start":{"line":153,"column":32},"end":{"line":153,"column":87}},"line":153},"25":{"name":"(anonymous_25)","decl":{"start":{"line":154,"column":26},"end":{"line":154,"column":27}},"loc":{"start":{"line":155,"column":4},"end":{"line":155,"column":83}},"line":155},"26":{"name":"(anonymous_26)","decl":{"start":{"line":157,"column":18},"end":{"line":157,"column":19}},"loc":{"start":{"line":157,"column":29},"end":{"line":157,"column":71}},"line":157},"27":{"name":"(anonymous_27)","decl":{"start":{"line":158,"column":17},"end":{"line":158,"column":18}},"loc":{"start":{"line":158,"column":25},"end":{"line":158,"column":62}},"line":158},"28":{"name":"(anonymous_28)","decl":{"start":{"line":159,"column":23},"end":{"line":159,"column":24}},"loc":{"start":{"line":159,"column":33},"end":{"line":159,"column":90}},"line":159},"29":{"name":"(anonymous_29)","decl":{"start":{"line":160,"column":27},"end":{"line":160,"column":28}},"loc":{"start":{"line":161,"column":4},"end":{"line":161,"column":85}},"line":161},"30":{"name":"(anonymous_30)","decl":{"start":{"line":163,"column":9},"end":{"line":163,"column":10}},"loc":{"start":{"line":163,"column":20},"end":{"line":163,"column":52}},"line":163},"31":{"name":"(anonymous_31)","decl":{"start":{"line":164,"column":14},"end":{"line":164,"column":15}},"loc":{"start":{"line":164,"column":24},"end":{"line":164,"column":71}},"line":164},"32":{"name":"(anonymous_32)","decl":{"start":{"line":165,"column":12},"end":{"line":165,"column":13}},"loc":{"start":{"line":165,"column":20},"end":{"line":165,"column":72}},"line":165},"33":{"name":"toneClass","decl":{"start":{"line":197,"column":16},"end":{"line":197,"column":25}},"loc":{"start":{"line":197,"column":31},"end":{"line":199,"column":null}},"line":197},"34":{"name":"formatDate","decl":{"start":{"line":202,"column":16},"end":{"line":202,"column":26}},"loc":{"start":{"line":202,"column":32},"end":{"line":211,"column":null}},"line":202},"35":{"name":"initials","decl":{"start":{"line":214,"column":16},"end":{"line":214,"column":24}},"loc":{"start":{"line":214,"column":31},"end":{"line":222,"column":null}},"line":214},"36":{"name":"(anonymous_36)","decl":{"start":{"line":217,"column":9},"end":{"line":217,"column":10}},"loc":{"start":{"line":217,"column":19},"end":{"line":217,"column":26}},"line":217}},"branchMap":{"0":{"loc":{"start":{"line":11,"column":2},"end":{"line":13,"column":null}},"type":"binary-expr","locations":[{"start":{"line":11,"column":3},"end":{"line":11,"column":37}},{"start":{"line":11,"column":41},"end":{"line":11,"column":56}},{"start":{"line":11,"column":60},"end":{"line":11,"column":93}},{"start":{"line":12,"column":3},"end":{"line":12,"column":32}},{"start":{"line":12,"column":36},"end":{"line":12,"column":55}},{"start":{"line":13,"column":2},"end":{"line":13,"column":null}}],"line":11},"1":{"loc":{"start":{"line":17,"column":31},"end":{"line":17,"column":44}},"type":"default-arg","locations":[{"start":{"line":17,"column":40},"end":{"line":17,"column":44}}],"line":17},"2":{"loc":{"start":{"line":18,"column":10},"end":{"line":18,"column":49}},"type":"binary-expr","locations":[{"start":{"line":18,"column":10},"end":{"line":18,"column":17}},{"start":{"line":18,"column":21},"end":{"line":18,"column":49}}],"line":18},"3":{"loc":{"start":{"line":39,"column":6},"end":{"line":39,"column":92}},"type":"binary-expr","locations":[{"start":{"line":39,"column":6},"end":{"line":39,"column":46}},{"start":{"line":39,"column":50},"end":{"line":39,"column":92}}],"line":39},"4":{"loc":{"start":{"line":40,"column":4},"end":{"line":42,"column":null}},"type":"if","locations":[{"start":{"line":40,"column":4},"end":{"line":42,"column":null}},{"start":{},"end":{}}],"line":40},"5":{"loc":{"start":{"line":51,"column":11},"end":{"line":51,"column":38}},"type":"binary-expr","locations":[{"start":{"line":51,"column":11},"end":{"line":51,"column":30}},{"start":{"line":51,"column":34},"end":{"line":51,"column":38}}],"line":51},"6":{"loc":{"start":{"line":55,"column":11},"end":{"line":55,"column":37}},"type":"binary-expr","locations":[{"start":{"line":55,"column":11},"end":{"line":55,"column":29}},{"start":{"line":55,"column":33},"end":{"line":55,"column":37}}],"line":55},"7":{"loc":{"start":{"line":58,"column":16},"end":{"line":58,"column":31}},"type":"default-arg","locations":[{"start":{"line":58,"column":27},"end":{"line":58,"column":31}}],"line":58},"8":{"loc":{"start":{"line":60,"column":18},"end":{"line":60,"column":72}},"type":"cond-expr","locations":[{"start":{"line":60,"column":29},"end":{"line":60,"column":48}},{"start":{"line":60,"column":51},"end":{"line":60,"column":72}}],"line":60},"9":{"loc":{"start":{"line":75,"column":29},"end":{"line":75,"column":65}},"type":"default-arg","locations":[{"start":{"line":75,"column":63},"end":{"line":75,"column":65}}],"line":75},"10":{"loc":{"start":{"line":75,"column":31},"end":{"line":75,"column":45}},"type":"default-arg","locations":[{"start":{"line":75,"column":40},"end":{"line":75,"column":45}}],"line":75},"11":{"loc":{"start":{"line":78,"column":2},"end":{"line":89,"column":null}},"type":"if","locations":[{"start":{"line":78,"column":2},"end":{"line":89,"column":null}},{"start":{},"end":{}}],"line":78},"12":{"loc":{"start":{"line":81,"column":6},"end":{"line":83,"column":null}},"type":"if","locations":[{"start":{"line":81,"column":6},"end":{"line":83,"column":null}},{"start":{},"end":{}}],"line":81},"13":{"loc":{"start":{"line":81,"column":10},"end":{"line":81,"column":63}},"type":"binary-expr","locations":[{"start":{"line":81,"column":10},"end":{"line":81,"column":29}},{"start":{"line":81,"column":33},"end":{"line":81,"column":47}},{"start":{"line":81,"column":51},"end":{"line":81,"column":63}}],"line":81},"14":{"loc":{"start":{"line":86,"column":4},"end":{"line":88,"column":null}},"type":"if","locations":[{"start":{"line":86,"column":4},"end":{"line":88,"column":null}},{"start":{},"end":{}}],"line":86},"15":{"loc":{"start":{"line":92,"column":2},"end":{"line":94,"column":null}},"type":"if","locations":[{"start":{"line":92,"column":2},"end":{"line":94,"column":null}},{"start":{},"end":{}}],"line":92},"16":{"loc":{"start":{"line":96,"column":2},"end":{"line":98,"column":null}},"type":"if","locations":[{"start":{"line":96,"column":2},"end":{"line":98,"column":null}},{"start":{},"end":{}}],"line":96},"17":{"loc":{"start":{"line":104,"column":15},"end":{"line":104,"column":64}},"type":"cond-expr","locations":[{"start":{"line":104,"column":45},"end":{"line":104,"column":52}},{"start":{"line":104,"column":55},"end":{"line":104,"column":64}}],"line":104},"18":{"loc":{"start":{"line":105,"column":12},"end":{"line":105,"column":51}},"type":"cond-expr","locations":[{"start":{"line":105,"column":19},"end":{"line":105,"column":39}},{"start":{"line":105,"column":42},"end":{"line":105,"column":51}}],"line":105},"19":{"loc":{"start":{"line":111,"column":2},"end":{"line":113,"column":null}},"type":"if","locations":[{"start":{"line":111,"column":2},"end":{"line":113,"column":null}},{"start":{},"end":{}}],"line":111},"20":{"loc":{"start":{"line":117,"column":2},"end":{"line":126,"column":null}},"type":"if","locations":[{"start":{"line":117,"column":2},"end":{"line":126,"column":null}},{"start":{},"end":{}}],"line":117},"21":{"loc":{"start":{"line":118,"column":18},"end":{"line":118,"column":63}},"type":"cond-expr","locations":[{"start":{"line":118,"column":45},"end":{"line":118,"column":58}},{"start":{"line":118,"column":61},"end":{"line":118,"column":63}}],"line":118},"22":{"loc":{"start":{"line":118,"column":18},"end":{"line":118,"column":42}},"type":"binary-expr","locations":[{"start":{"line":118,"column":18},"end":{"line":118,"column":25}},{"start":{"line":118,"column":29},"end":{"line":118,"column":42}}],"line":118},"23":{"loc":{"start":{"line":121,"column":4},"end":{"line":124,"column":null}},"type":"if","locations":[{"start":{"line":121,"column":4},"end":{"line":124,"column":null}},{"start":{},"end":{}}],"line":121},"24":{"loc":{"start":{"line":121,"column":8},"end":{"line":121,"column":61}},"type":"binary-expr","locations":[{"start":{"line":121,"column":8},"end":{"line":121,"column":31}},{"start":{"line":121,"column":35},"end":{"line":121,"column":61}}],"line":121},"25":{"loc":{"start":{"line":125,"column":55},"end":{"line":125,"column":75}},"type":"binary-expr","locations":[{"start":{"line":125,"column":55},"end":{"line":125,"column":67}},{"start":{"line":125,"column":71},"end":{"line":125,"column":75}}],"line":125},"26":{"loc":{"start":{"line":128,"column":9},"end":{"line":128,"column":38}},"type":"cond-expr","locations":[{"start":{"line":128,"column":19},"end":{"line":128,"column":31}},{"start":{"line":128,"column":34},"end":{"line":128,"column":38}}],"line":128},"27":{"loc":{"start":{"line":198,"column":9},"end":{"line":198,"column":45}},"type":"binary-expr","locations":[{"start":{"line":198,"column":9},"end":{"line":198,"column":25}},{"start":{"line":198,"column":29},"end":{"line":198,"column":45}}],"line":198},"28":{"loc":{"start":{"line":203,"column":2},"end":{"line":205,"column":null}},"type":"if","locations":[{"start":{"line":203,"column":2},"end":{"line":205,"column":null}},{"start":{},"end":{}}],"line":203},"29":{"loc":{"start":{"line":207,"column":2},"end":{"line":209,"column":null}},"type":"if","locations":[{"start":{"line":207,"column":2},"end":{"line":209,"column":null}},{"start":{},"end":{}}],"line":207},"30":{"loc":{"start":{"line":215,"column":16},"end":{"line":215,"column":26}},"type":"binary-expr","locations":[{"start":{"line":215,"column":16},"end":{"line":215,"column":20}},{"start":{"line":215,"column":24},"end":{"line":215,"column":26}}],"line":215}},"s":{"0":2,"1":1,"2":1,"3":1,"4":1,"5":2,"6":2,"7":9,"8":9,"9":4,"10":5,"11":5,"12":1,"13":4,"14":3,"15":3,"16":3,"17":3,"18":7,"19":7,"20":0,"21":0,"22":0,"23":0,"24":0,"25":0,"26":0,"27":0,"28":0,"29":0,"30":0,"31":0,"32":0,"33":0,"34":0,"35":0,"36":0,"37":0,"38":0,"39":0,"40":0,"41":0,"42":0,"43":0,"44":0,"45":0,"46":0,"47":0,"48":0,"49":0,"50":2,"51":0,"52":0,"53":0,"54":0,"55":0,"56":0,"57":0,"58":0,"59":0,"60":0,"61":0,"62":0,"63":0,"64":0,"65":0,"66":0,"67":0,"68":0,"69":0,"70":0,"71":0,"72":0,"73":0,"74":2,"75":2,"76":5,"77":3,"78":1,"79":2,"80":2,"81":1,"82":1,"83":4,"84":7},"f":{"0":1,"1":9,"2":4,"3":3,"4":3,"5":7,"6":0,"7":0,"8":0,"9":0,"10":0,"11":0,"12":0,"13":0,"14":0,"15":0,"16":0,"17":0,"18":0,"19":0,"20":0,"21":0,"22":0,"23":0,"24":0,"25":0,"26":0,"27":0,"28":0,"29":0,"30":0,"31":0,"32":0,"33":5,"34":3,"35":4,"36":7},"b":{"0":[2,2,2,0,0,0],"1":[1],"2":[1,0],"3":[9,6],"4":[4,5],"5":[4,2],"6":[3,1],"7":[3],"8":[2,1],"9":[0],"10":[0],"11":[0,0],"12":[0,0],"13":[0,0,0],"14":[0,0],"15":[0,0],"16":[0,0],"17":[0,0],"18":[0,0],"19":[0,0],"20":[0,0],"21":[0,0],"22":[0,0],"23":[0,0],"24":[0,0],"25":[0,0],"26":[0,0],"27":[5,1],"28":[1,2],"29":[1,1],"30":[4,1]},"meta":{"lastBranch":31,"lastFunction":37,"lastStatement":85,"seen":{"s:10:17:14:20":0,"b:11:3:11:37:11:41:11:56:11:60:11:93:12:3:12:32:12:36:12:55:13:2:13:Infinity":0,"f:17:2:17:13":0,"b:17:40:17:44":1,"s:18:4:18:Infinity":1,"b:18:10:18:17:18:21:18:49":2,"s:19:4:19:Infinity":2,"s:20:4:20:Infinity":3,"s:21:4:21:Infinity":4,"s:29:20:29:41":5,"s:36:20:73:1":6,"f:37:6:37:13":1,"s:39:6:39:92":7,"b:39:6:39:46:39:50:39:92":3,"b:40:4:42:Infinity:undefined:undefined:undefined:undefined":4,"s:40:4:42:Infinity":8,"s:41:6:41:Infinity":9,"s:43:4:47:Infinity":10,"s:44:6:44:Infinity":11,"s:46:6:46:Infinity":12,"f:50:6:50:11":2,"s:51:4:51:Infinity":13,"b:51:11:51:30:51:34:51:38":5,"f:54:6:54:10":3,"s:55:4:55:Infinity":14,"b:55:11:55:29:55:33:55:37":6,"f:58:2:58:6":4,"b:58:27:58:31":7,"s:59:4:59:Infinity":15,"s:60:18:60:72":16,"b:60:29:60:48:60:51:60:72":8,"s:61:4:61:Infinity":17,"f:64:2:64:7":5,"s:65:4:65:Infinity":18,"s:66:4:66:Infinity":19,"f:70:2:70:17":6,"s:71:4:71:Infinity":20,"f:75:15:75:22":7,"b:75:63:75:65":9,"b:75:40:75:45":10,"s:76:12:76:32":21,"b:78:2:89:Infinity:undefined:undefined:undefined:undefined":11,"s:78:2:89:Infinity":22,"s:79:19:79:40":23,"s:80:4:84:Infinity":24,"f:80:34:80:35":8,"b:81:6:83:Infinity:undefined:undefined:undefined:undefined":12,"s:81:6:83:Infinity":25,"b:81:10:81:29:81:33:81:47:81:51:81:63":13,"s:82:8:82:Infinity":26,"s:85:15:85:32":27,"b:86:4:88:Infinity:undefined:undefined:undefined:undefined":14,"s:86:4:88:Infinity":28,"s:87:6:87:Infinity":29,"s:91:18:91:20":30,"b:92:2:94:Infinity:undefined:undefined:undefined:undefined":15,"s:92:2:94:Infinity":31,"s:93:4:93:Infinity":32,"s:95:16:95:26":33,"b:96:2:98:Infinity:undefined:undefined:undefined:undefined":16,"s:96:2:98:Infinity":34,"s:97:4:97:Infinity":35,"s:101:2:109:Infinity":36,"s:102:4:106:Infinity":37,"b:104:45:104:52:104:55:104:64":17,"b:105:19:105:39:105:42:105:51":18,"s:108:4:108:Infinity":38,"b:111:2:113:Infinity:undefined:undefined:undefined:undefined":19,"s:111:2:113:Infinity":39,"s:112:4:112:Infinity":40,"s:115:18:115:57":41,"f:115:46:115:47":9,"s:115:52:115:56":42,"b:117:2:126:Infinity:undefined:undefined:undefined:undefined":20,"s:117:2:126:Infinity":43,"s:118:18:118:63":44,"b:118:45:118:58:118:61:118:63":21,"b:118:18:118:25:118:29:118:42":22,"b:121:4:124:Infinity:undefined:undefined:undefined:undefined":23,"s:121:4:124:Infinity":45,"b:121:8:121:31:121:35:121:61":24,"s:122:6:122:Infinity":46,"s:123:6:123:Infinity":47,"s:125:4:125:Infinity":48,"b:125:55:125:67:125:71:125:75":25,"s:128:2:128:Infinity":49,"b:128:19:128:31:128:34:128:38":26,"s:131:19:166:1":50,"f:132:9:132:10":10,"s:133:4:133:77":51,"f:134:6:134:7":11,"s:134:12:134:35":52,"f:135:10:135:11":12,"s:135:16:135:63":53,"f:137:13:137:14":13,"s:137:19:137:44":54,"f:139:15:139:16":14,"s:139:26:139:64":55,"f:140:14:140:15":15,"s:140:22:140:55":56,"f:141:20:141:21":16,"s:141:30:141:83":57,"f:142:15:142:16":17,"s:143:4:143:88":58,"f:144:14:144:15":18,"s:144:20:144:58":59,"f:146:12:146:13":19,"s:146:24:146:71":60,"f:147:11:147:12":20,"s:147:19:147:49":61,"f:148:17:148:18":21,"s:148:27:148:77":62,"f:150:13:150:14":22,"s:150:19:150:44":63,"f:152:17:152:18":23,"s:152:28:152:68":64,"f:153:22:153:23":24,"s:153:32:153:87":65,"f:154:26:154:27":25,"s:155:4:155:83":66,"f:157:18:157:19":26,"s:157:29:157:71":67,"f:158:17:158:18":27,"s:158:25:158:62":68,"f:159:23:159:24":28,"s:159:33:159:90":69,"f:160:27:160:28":29,"s:161:4:161:85":70,"f:163:9:163:10":30,"s:163:20:163:52":71,"f:164:14:164:15":31,"s:164:24:164:71":72,"f:165:12:165:13":32,"s:165:20:165:72":73,"s:172:24:172:94":74,"s:175:27:195:1":75,"f:197:16:197:25":33,"s:198:2:198:Infinity":76,"b:198:9:198:25:198:29:198:45":27,"f:202:16:202:26":34,"b:203:2:205:Infinity:undefined:undefined:undefined:undefined":28,"s:203:2:205:Infinity":77,"s:204:4:204:Infinity":78,"s:206:15:206:63":79,"b:207:2:209:Infinity:undefined:undefined:undefined:undefined":29,"s:207:2:209:Infinity":80,"s:208:4:208:Infinity":81,"s:210:2:210:Infinity":82,"f:214:16:214:24":35,"s:215:2:221:Infinity":83,"b:215:16:215:20:215:24:215:26":30,"f:217:9:217:10":36,"s:217:19:217:26":84}}}
,"/home/aluno2/task/workday-tarde/frontend/assets/js/ui.js": {"path":"/home/aluno2/task/workday-tarde/frontend/assets/js/ui.js","statementMap":{"0":{"start":{"line":9,"column":16},"end":{"line":9,"column":20}},"1":{"start":{"line":12,"column":2},"end":{"line":16,"column":null}},"2":{"start":{"line":13,"column":4},"end":{"line":13,"column":null}},"3":{"start":{"line":14,"column":4},"end":{"line":14,"column":null}},"4":{"start":{"line":15,"column":4},"end":{"line":15,"column":null}},"5":{"start":{"line":18,"column":13},"end":{"line":18,"column":42}},"6":{"start":{"line":19,"column":2},"end":{"line":19,"column":null}},"7":{"start":{"line":20,"column":2},"end":{"line":20,"column":null}},"8":{"start":{"line":21,"column":2},"end":{"line":21,"column":null}},"9":{"start":{"line":23,"column":2},"end":{"line":23,"column":null}},"10":{"start":{"line":23,"column":30},"end":{"line":23,"column":54}},"11":{"start":{"line":24,"column":2},"end":{"line":27,"column":null}},"12":{"start":{"line":25,"column":4},"end":{"line":25,"column":null}},"13":{"start":{"line":26,"column":4},"end":{"line":26,"column":null}},"14":{"start":{"line":26,"column":21},"end":{"line":26,"column":32}},"15":{"start":{"line":31,"column":2},"end":{"line":31,"column":null}},"16":{"start":{"line":36,"column":14},"end":{"line":36,"column":70}},"17":{"start":{"line":37,"column":2},"end":{"line":37,"column":null}},"18":{"start":{"line":47,"column":2},"end":{"line":134,"column":null}},"19":{"start":{"line":48,"column":20},"end":{"line":48,"column":49}},"20":{"start":{"line":49,"column":4},"end":{"line":49,"column":null}},"21":{"start":{"line":51,"column":24},"end":{"line":83,"column":5}},"22":{"start":{"line":52,"column":17},"end":{"line":52,"column":34}},"23":{"start":{"line":53,"column":6},"end":{"line":67,"column":null}},"24":{"start":{"line":54,"column":24},"end":{"line":61,"column":19}},"25":{"start":{"line":56,"column":26},"end":{"line":56,"column":67}},"26":{"start":{"line":57,"column":26},"end":{"line":57,"column":67}},"27":{"start":{"line":58,"column":29},"end":{"line":58,"column":90}},"28":{"start":{"line":59,"column":12},"end":{"line":59,"column":null}},"29":{"start":{"line":62,"column":8},"end":{"line":66,"column":null}},"30":{"start":{"line":68,"column":6},"end":{"line":74,"column":null}},"31":{"start":{"line":69,"column":8},"end":{"line":73,"column":null}},"32":{"start":{"line":75,"column":6},"end":{"line":82,"column":null}},"33":{"start":{"line":85,"column":4},"end":{"line":98,"column":null}},"34":{"start":{"line":100,"column":18},"end":{"line":104,"column":5}},"35":{"start":{"line":101,"column":6},"end":{"line":101,"column":null}},"36":{"start":{"line":102,"column":6},"end":{"line":102,"column":null}},"37":{"start":{"line":103,"column":6},"end":{"line":103,"column":null}},"38":{"start":{"line":105,"column":18},"end":{"line":109,"column":5}},"39":{"start":{"line":106,"column":6},"end":{"line":108,"column":null}},"40":{"start":{"line":107,"column":8},"end":{"line":107,"column":null}},"41":{"start":{"line":111,"column":4},"end":{"line":111,"column":null}},"42":{"start":{"line":111,"column":74},"end":{"line":111,"column":85}},"43":{"start":{"line":112,"column":4},"end":{"line":112,"column":null}},"44":{"start":{"line":112,"column":75},"end":{"line":112,"column":86}},"45":{"start":{"line":113,"column":4},"end":{"line":117,"column":null}},"46":{"start":{"line":114,"column":6},"end":{"line":116,"column":null}},"47":{"start":{"line":115,"column":8},"end":{"line":115,"column":null}},"48":{"start":{"line":118,"column":4},"end":{"line":126,"column":null}},"49":{"start":{"line":119,"column":6},"end":{"line":119,"column":null}},"50":{"start":{"line":120,"column":21},"end":{"line":120,"column":23}},"51":{"start":{"line":121,"column":6},"end":{"line":124,"column":null}},"52":{"start":{"line":122,"column":22},"end":{"line":122,"column":63}},"53":{"start":{"line":123,"column":8},"end":{"line":123,"column":null}},"54":{"start":{"line":125,"column":6},"end":{"line":125,"column":null}},"55":{"start":{"line":128,"column":4},"end":{"line":128,"column":null}},"56":{"start":{"line":129,"column":4},"end":{"line":129,"column":null}},"57":{"start":{"line":130,"column":18},"end":{"line":130,"column":56}},"58":{"start":{"line":131,"column":4},"end":{"line":133,"column":null}},"59":{"start":{"line":132,"column":6},"end":{"line":132,"column":null}}},"fnMap":{"0":{"name":"toast","decl":{"start":{"line":11,"column":16},"end":{"line":11,"column":21}},"loc":{"start":{"line":11,"column":46},"end":{"line":28,"column":null}},"line":11},"1":{"name":"(anonymous_1)","decl":{"start":{"line":23,"column":24},"end":{"line":23,"column":25}},"loc":{"start":{"line":23,"column":30},"end":{"line":23,"column":54}},"line":23},"2":{"name":"(anonymous_2)","decl":{"start":{"line":24,"column":13},"end":{"line":24,"column":14}},"loc":{"start":{"line":24,"column":19},"end":{"line":27,"column":3}},"line":24},"3":{"name":"(anonymous_3)","decl":{"start":{"line":26,"column":15},"end":{"line":26,"column":16}},"loc":{"start":{"line":26,"column":21},"end":{"line":26,"column":32}},"line":26},"4":{"name":"statusBadge","decl":{"start":{"line":30,"column":16},"end":{"line":30,"column":27}},"loc":{"start":{"line":30,"column":45},"end":{"line":32,"column":null}},"line":30},"5":{"name":"placeholder","decl":{"start":{"line":35,"column":16},"end":{"line":35,"column":27}},"loc":{"start":{"line":35,"column":53},"end":{"line":38,"column":null}},"line":35},"6":{"name":"openForm","decl":{"start":{"line":46,"column":16},"end":{"line":46,"column":24}},"loc":{"start":{"line":46,"column":66},"end":{"line":135,"column":null}},"line":46},"7":{"name":"(anonymous_7)","decl":{"start":{"line":47,"column":21},"end":{"line":47,"column":22}},"loc":{"start":{"line":47,"column":34},"end":{"line":134,"column":3}},"line":47},"8":{"name":"(anonymous_8)","decl":{"start":{"line":51,"column":24},"end":{"line":51,"column":25}},"loc":{"start":{"line":51,"column":35},"end":{"line":83,"column":5}},"line":51},"9":{"name":"(anonymous_9)","decl":{"start":{"line":55,"column":15},"end":{"line":55,"column":16}},"loc":{"start":{"line":55,"column":24},"end":{"line":60,"column":11}},"line":55},"10":{"name":"(anonymous_10)","decl":{"start":{"line":100,"column":18},"end":{"line":100,"column":19}},"loc":{"start":{"line":100,"column":30},"end":{"line":104,"column":5}},"line":100},"11":{"name":"(anonymous_11)","decl":{"start":{"line":105,"column":18},"end":{"line":105,"column":19}},"loc":{"start":{"line":105,"column":25},"end":{"line":109,"column":5}},"line":105},"12":{"name":"(anonymous_12)","decl":{"start":{"line":111,"column":68},"end":{"line":111,"column":69}},"loc":{"start":{"line":111,"column":74},"end":{"line":111,"column":85}},"line":111},"13":{"name":"(anonymous_13)","decl":{"start":{"line":112,"column":69},"end":{"line":112,"column":70}},"loc":{"start":{"line":112,"column":75},"end":{"line":112,"column":86}},"line":112},"14":{"name":"(anonymous_14)","decl":{"start":{"line":113,"column":42},"end":{"line":113,"column":43}},"loc":{"start":{"line":113,"column":49},"end":{"line":117,"column":5}},"line":113},"15":{"name":"(anonymous_15)","decl":{"start":{"line":118,"column":61},"end":{"line":118,"column":62}},"loc":{"start":{"line":118,"column":68},"end":{"line":126,"column":5}},"line":118},"16":{"name":"(anonymous_16)","decl":{"start":{"line":121,"column":21},"end":{"line":121,"column":22}},"loc":{"start":{"line":121,"column":32},"end":{"line":124,"column":7}},"line":121}},"branchMap":{"0":{"loc":{"start":{"line":11,"column":31},"end":{"line":11,"column":44}},"type":"default-arg","locations":[{"start":{"line":11,"column":38},"end":{"line":11,"column":44}}],"line":11},"1":{"loc":{"start":{"line":12,"column":2},"end":{"line":16,"column":null}},"type":"if","locations":[{"start":{"line":12,"column":2},"end":{"line":16,"column":null}},{"start":{},"end":{}}],"line":12},"2":{"loc":{"start":{"line":35,"column":37},"end":{"line":35,"column":51}},"type":"default-arg","locations":[{"start":{"line":35,"column":44},"end":{"line":35,"column":51}}],"line":35},"3":{"loc":{"start":{"line":36,"column":14},"end":{"line":36,"column":70}},"type":"cond-expr","locations":[{"start":{"line":36,"column":33},"end":{"line":36,"column":46}},{"start":{"line":36,"column":49},"end":{"line":36,"column":70}}],"line":36},"4":{"loc":{"start":{"line":46,"column":42},"end":{"line":46,"column":62}},"type":"default-arg","locations":[{"start":{"line":46,"column":56},"end":{"line":46,"column":62}}],"line":46},"5":{"loc":{"start":{"line":53,"column":6},"end":{"line":67,"column":null}},"type":"if","locations":[{"start":{"line":53,"column":6},"end":{"line":67,"column":null}},{"start":{},"end":{}}],"line":53},"6":{"loc":{"start":{"line":54,"column":25},"end":{"line":54,"column":44}},"type":"binary-expr","locations":[{"start":{"line":54,"column":25},"end":{"line":54,"column":38}},{"start":{"line":54,"column":42},"end":{"line":54,"column":44}}],"line":54},"7":{"loc":{"start":{"line":56,"column":26},"end":{"line":56,"column":67}},"type":"cond-expr","locations":[{"start":{"line":56,"column":52},"end":{"line":56,"column":55}},{"start":{"line":56,"column":58},"end":{"line":56,"column":67}}],"line":56},"8":{"loc":{"start":{"line":57,"column":26},"end":{"line":57,"column":67}},"type":"cond-expr","locations":[{"start":{"line":57,"column":52},"end":{"line":57,"column":55}},{"start":{"line":57,"column":58},"end":{"line":57,"column":67}}],"line":57},"9":{"loc":{"start":{"line":58,"column":29},"end":{"line":58,"column":90}},"type":"cond-expr","locations":[{"start":{"line":58,"column":75},"end":{"line":58,"column":85}},{"start":{"line":58,"column":88},"end":{"line":58,"column":90}}],"line":58},"10":{"loc":{"start":{"line":58,"column":36},"end":{"line":58,"column":53}},"type":"binary-expr","locations":[{"start":{"line":58,"column":36},"end":{"line":58,"column":47}},{"start":{"line":58,"column":51},"end":{"line":58,"column":53}}],"line":58},"11":{"loc":{"start":{"line":64,"column":34},"end":{"line":64,"column":60}},"type":"cond-expr","locations":[{"start":{"line":64,"column":51},"end":{"line":64,"column":55}},{"start":{"line":64,"column":58},"end":{"line":64,"column":60}}],"line":64},"12":{"loc":{"start":{"line":65,"column":54},"end":{"line":65,"column":86}},"type":"cond-expr","locations":[{"start":{"line":65,"column":71},"end":{"line":65,"column":81}},{"start":{"line":65,"column":84},"end":{"line":65,"column":86}}],"line":65},"13":{"loc":{"start":{"line":68,"column":6},"end":{"line":74,"column":null}},"type":"if","locations":[{"start":{"line":68,"column":6},"end":{"line":74,"column":null}},{"start":{},"end":{}}],"line":68},"14":{"loc":{"start":{"line":71,"column":69},"end":{"line":71,"column":97}},"type":"cond-expr","locations":[{"start":{"line":71,"column":83},"end":{"line":71,"column":92}},{"start":{"line":71,"column":95},"end":{"line":71,"column":97}}],"line":71},"15":{"loc":{"start":{"line":77,"column":32},"end":{"line":77,"column":58}},"type":"cond-expr","locations":[{"start":{"line":77,"column":49},"end":{"line":77,"column":53}},{"start":{"line":77,"column":56},"end":{"line":77,"column":58}}],"line":77},"16":{"loc":{"start":{"line":78,"column":25},"end":{"line":78,"column":45}},"type":"binary-expr","locations":[{"start":{"line":78,"column":25},"end":{"line":78,"column":35}},{"start":{"line":78,"column":39},"end":{"line":78,"column":45}}],"line":78},"17":{"loc":{"start":{"line":79,"column":21},"end":{"line":79,"column":38}},"type":"binary-expr","locations":[{"start":{"line":79,"column":21},"end":{"line":79,"column":32}},{"start":{"line":79,"column":36},"end":{"line":79,"column":38}}],"line":79},"18":{"loc":{"start":{"line":79,"column":56},"end":{"line":79,"column":79}},"type":"binary-expr","locations":[{"start":{"line":79,"column":56},"end":{"line":79,"column":73}},{"start":{"line":79,"column":77},"end":{"line":79,"column":79}}],"line":79},"19":{"loc":{"start":{"line":80,"column":14},"end":{"line":80,"column":46}},"type":"cond-expr","locations":[{"start":{"line":80,"column":31},"end":{"line":80,"column":41}},{"start":{"line":80,"column":44},"end":{"line":80,"column":46}}],"line":80},"20":{"loc":{"start":{"line":80,"column":50},"end":{"line":80,"column":90}},"type":"cond-expr","locations":[{"start":{"line":80,"column":63},"end":{"line":80,"column":85}},{"start":{"line":80,"column":88},"end":{"line":80,"column":90}}],"line":80},"21":{"loc":{"start":{"line":81,"column":12},"end":{"line":81,"column":88}},"type":"cond-expr","locations":[{"start":{"line":81,"column":25},"end":{"line":81,"column":83}},{"start":{"line":81,"column":86},"end":{"line":81,"column":88}}],"line":81},"22":{"loc":{"start":{"line":106,"column":6},"end":{"line":108,"column":null}},"type":"if","locations":[{"start":{"line":106,"column":6},"end":{"line":108,"column":null}},{"start":{},"end":{}}],"line":106},"23":{"loc":{"start":{"line":114,"column":6},"end":{"line":116,"column":null}},"type":"if","locations":[{"start":{"line":114,"column":6},"end":{"line":116,"column":null}},{"start":{},"end":{}}],"line":114},"24":{"loc":{"start":{"line":123,"column":29},"end":{"line":123,"column":91}},"type":"cond-expr","locations":[{"start":{"line":123,"column":57},"end":{"line":123,"column":70}},{"start":{"line":123,"column":73},"end":{"line":123,"column":91}}],"line":123},"25":{"loc":{"start":{"line":131,"column":4},"end":{"line":133,"column":null}},"type":"if","locations":[{"start":{"line":131,"column":4},"end":{"line":133,"column":null}},{"start":{},"end":{}}],"line":131}},"s":{"0":1,"1":1,"2":1,"3":1,"4":1,"5":1,"6":1,"7":1,"8":1,"9":1,"10":1,"11":1,"12":0,"13":0,"14":0,"15":2,"16":3,"17":3,"18":3,"19":3,"20":3,"21":3,"22":1,"23":1,"24":0,"25":0,"26":0,"27":0,"28":0,"29":0,"30":1,"31":0,"32":1,"33":3,"34":3,"35":2,"36":2,"37":2,"38":3,"39":0,"40":0,"41":3,"42":0,"43":3,"44":1,"45":3,"46":0,"47":0,"48":3,"49":1,"50":1,"51":1,"52":1,"53":1,"54":1,"55":3,"56":3,"57":3,"58":3,"59":1},"f":{"0":1,"1":1,"2":0,"3":0,"4":2,"5":3,"6":3,"7":3,"8":1,"9":0,"10":2,"11":0,"12":0,"13":1,"14":0,"15":1,"16":1},"b":{"0":[1],"1":[1,0],"2":[3],"3":[1,2],"4":[3],"5":[0,1],"6":[0,0],"7":[0,0],"8":[0,0],"9":[0,0],"10":[0,0],"11":[0,0],"12":[0,0],"13":[0,1],"14":[0,0],"15":[0,1],"16":[1,1],"17":[1,1],"18":[1,1],"19":[0,1],"20":[0,1],"21":[0,1],"22":[0,0],"23":[0,0],"24":[0,1],"25":[1,2]},"meta":{"lastBranch":26,"lastFunction":17,"lastStatement":60,"seen":{"s:9:16:9:20":0,"f:11:16:11:21":0,"b:11:38:11:44":0,"b:12:2:16:Infinity:undefined:undefined:undefined:undefined":1,"s:12:2:16:Infinity":1,"s:13:4:13:Infinity":2,"s:14:4:14:Infinity":3,"s:15:4:15:Infinity":4,"s:18:13:18:42":5,"s:19:2:19:Infinity":6,"s:20:2:20:Infinity":7,"s:21:2:21:Infinity":8,"s:23:2:23:Infinity":9,"f:23:24:23:25":1,"s:23:30:23:54":10,"s:24:2:27:Infinity":11,"f:24:13:24:14":2,"s:25:4:25:Infinity":12,"s:26:4:26:Infinity":13,"f:26:15:26:16":3,"s:26:21:26:32":14,"f:30:16:30:27":4,"s:31:2:31:Infinity":15,"f:35:16:35:27":5,"b:35:44:35:51":2,"s:36:14:36:70":16,"b:36:33:36:46:36:49:36:70":3,"s:37:2:37:Infinity":17,"f:46:16:46:24":6,"b:46:56:46:62":4,"s:47:2:134:Infinity":18,"f:47:21:47:22":7,"s:48:20:48:49":19,"s:49:4:49:Infinity":20,"s:51:24:83:5":21,"f:51:24:51:25":8,"s:52:17:52:34":22,"b:53:6:67:Infinity:undefined:undefined:undefined:undefined":5,"s:53:6:67:Infinity":23,"s:54:24:61:19":24,"b:54:25:54:38:54:42:54:44":6,"f:55:15:55:16":9,"s:56:26:56:67":25,"b:56:52:56:55:56:58:56:67":7,"s:57:26:57:67":26,"b:57:52:57:55:57:58:57:67":8,"s:58:29:58:90":27,"b:58:75:58:85:58:88:58:90":9,"b:58:36:58:47:58:51:58:53":10,"s:59:12:59:Infinity":28,"s:62:8:66:Infinity":29,"b:64:51:64:55:64:58:64:60":11,"b:65:71:65:81:65:84:65:86":12,"b:68:6:74:Infinity:undefined:undefined:undefined:undefined":13,"s:68:6:74:Infinity":30,"s:69:8:73:Infinity":31,"b:71:83:71:92:71:95:71:97":14,"s:75:6:82:Infinity":32,"b:77:49:77:53:77:56:77:58":15,"b:78:25:78:35:78:39:78:45":16,"b:79:21:79:32:79:36:79:38":17,"b:79:56:79:73:79:77:79:79":18,"b:80:31:80:41:80:44:80:46":19,"b:80:63:80:85:80:88:80:90":20,"b:81:25:81:83:81:86:81:88":21,"s:85:4:98:Infinity":33,"s:100:18:104:5":34,"f:100:18:100:19":10,"s:101:6:101:Infinity":35,"s:102:6:102:Infinity":36,"s:103:6:103:Infinity":37,"s:105:18:109:5":38,"f:105:18:105:19":11,"b:106:6:108:Infinity:undefined:undefined:undefined:undefined":22,"s:106:6:108:Infinity":39,"s:107:8:107:Infinity":40,"s:111:4:111:Infinity":41,"f:111:68:111:69":12,"s:111:74:111:85":42,"s:112:4:112:Infinity":43,"f:112:69:112:70":13,"s:112:75:112:86":44,"s:113:4:117:Infinity":45,"f:113:42:113:43":14,"b:114:6:116:Infinity:undefined:undefined:undefined:undefined":23,"s:114:6:116:Infinity":46,"s:115:8:115:Infinity":47,"s:118:4:126:Infinity":48,"f:118:61:118:62":15,"s:119:6:119:Infinity":49,"s:120:21:120:23":50,"s:121:6:124:Infinity":51,"f:121:21:121:22":16,"s:122:22:122:63":52,"s:123:8:123:Infinity":53,"b:123:57:123:70:123:73:123:91":24,"s:125:6:125:Infinity":54,"s:128:4:128:Infinity":55,"s:129:4:129:Infinity":56,"s:130:18:130:56":57,"b:131:4:133:Infinity:undefined:undefined:undefined:undefined":25,"s:131:4:133:Infinity":58,"s:132:6:132:Infinity":59}}}
}
